[0m13:24:02.384944 [debug] [MainThread]: Sending event: {'category': 'dbt', 'action': 'invocation', 'label': 'start', 'context': [<snowplow_tracker.self_describing_json.SelfDescribingJson object at 0x0000013AE628EDE0>, <snowplow_tracker.self_describing_json.SelfDescribingJson object at 0x0000013AE8B1C4A0>, <snowplow_tracker.self_describing_json.SelfDescribingJson object at 0x0000013AE8B1F710>]}


============================== 13:24:02.390944 | 492be23a-e75b-40c4-8c15-db5c73223329 ==============================
[0m13:24:02.390944 [info ] [MainThread]: Running with dbt=1.9.0
[0m13:24:02.391943 [debug] [MainThread]: running dbt with arguments {'printer_width': '80', 'indirect_selection': 'eager', 'log_cache_events': 'False', 'write_json': 'True', 'partial_parse': 'True', 'cache_selected_only': 'False', 'profiles_dir': 'C:\\Users\\Ilham\\.dbt', 'version_check': 'True', 'debug': 'False', 'log_path': 'logs', 'warn_error': 'None', 'fail_fast': 'False', 'use_colors': 'True', 'use_experimental_parser': 'False', 'no_print': 'None', 'quiet': 'False', 'empty': 'None', 'warn_error_options': 'WarnErrorOptions(include=[], exclude=[])', 'introspect': 'True', 'invocation_command': 'dbt init', 'static_parser': 'True', 'target_path': 'None', 'log_format': 'default', 'send_anonymous_usage_stats': 'True'}
[0m13:24:44.502222 [debug] [MainThread]: Starter project path: C:\Users\Ilham\AppData\Local\Programs\Python\Python312\Lib\site-packages\dbt\include\starter_project
[0m13:24:44.557359 [info ] [MainThread]: 
Your new dbt project "data_pipeline" was created!

For more information on how to configure the profiles.yml file,
please consult the dbt documentation here:

  https://docs.getdbt.com/docs/configure-your-profile

One more thing:

Need help? Don't hesitate to reach out to us via GitHub issues or on Slack:

  https://community.getdbt.com/

Happy modeling!

[0m13:24:44.559347 [info ] [MainThread]: Setting up your profile.
[0m13:25:53.128013 [info ] [MainThread]: Profile data_pipeline written to C:\Users\Ilham\.dbt\profiles.yml using target's profile_template.yml and your supplied values. Run 'dbt debug' to validate the connection.
[0m13:25:53.130009 [debug] [MainThread]: Command `dbt init` succeeded at 13:25:53.130009 after 110.91 seconds
[0m13:25:53.130009 [debug] [MainThread]: Sending event: {'category': 'dbt', 'action': 'invocation', 'label': 'end', 'context': [<snowplow_tracker.self_describing_json.SelfDescribingJson object at 0x0000013AE8A562A0>, <snowplow_tracker.self_describing_json.SelfDescribingJson object at 0x0000013AF582AE40>, <snowplow_tracker.self_describing_json.SelfDescribingJson object at 0x0000013AE619B680>]}
[0m13:25:53.131010 [debug] [MainThread]: Flushing usage events
[0m13:25:54.217575 [debug] [MainThread]: An error was encountered while trying to flush usage events
